TN:
SF:./src/client/app/admin/admin.module.js
FN:1,(anonymous_1)
FNF:1
FNH:1
FNDA:1,(anonymous_1)
DA:1,1
DA:4,1
LF:2
LH:2
BRF:0
BRH:0
end_of_record
TN:
SF:./src/client/app/app.module.js
FN:1,(anonymous_1)
FNF:1
FNH:1
FNDA:1,(anonymous_1)
DA:1,1
DA:4,1
LF:2
LH:2
BRF:0
BRH:0
end_of_record
TN:
SF:./src/client/app/blocks/exception/exception.module.js
FN:1,(anonymous_1)
FNF:1
FNH:1
FNDA:1,(anonymous_1)
DA:1,1
DA:4,1
LF:2
LH:2
BRF:0
BRH:0
end_of_record
TN:
SF:./src/client/app/blocks/logger/logger.module.js
FN:1,(anonymous_1)
FNF:1
FNH:1
FNDA:1,(anonymous_1)
DA:1,1
DA:4,1
LF:2
LH:2
BRF:0
BRH:0
end_of_record
TN:
SF:./src/client/app/blocks/router/router.module.js
FN:1,(anonymous_1)
FNF:1
FNH:1
FNDA:1,(anonymous_1)
DA:1,1
DA:4,1
LF:2
LH:2
BRF:0
BRH:0
end_of_record
TN:
SF:./src/client/app/core/core.module.js
FN:1,(anonymous_1)
FNF:1
FNH:1
FNDA:1,(anonymous_1)
DA:1,1
DA:4,1
LF:2
LH:2
BRF:0
BRH:0
end_of_record
TN:
SF:./src/client/app/dashboard/dashboard.module.js
FN:1,(anonymous_1)
FNF:1
FNH:1
FNDA:1,(anonymous_1)
DA:1,1
DA:4,1
LF:2
LH:2
BRF:0
BRH:0
end_of_record
TN:
SF:./src/client/app/exam/exam.module.js
FN:1,(anonymous_1)
FNF:1
FNH:1
FNDA:1,(anonymous_1)
DA:1,1
DA:4,1
LF:2
LH:2
BRF:0
BRH:0
end_of_record
TN:
SF:./src/client/app/layout/layout.module.js
FN:1,(anonymous_1)
FNF:1
FNH:1
FNDA:1,(anonymous_1)
DA:1,1
DA:4,1
LF:2
LH:2
BRF:0
BRH:0
end_of_record
TN:
SF:./src/client/app/patients/create/create.module.js
FN:1,(anonymous_1)
FNF:1
FNH:1
FNDA:1,(anonymous_1)
DA:1,1
DA:4,1
LF:2
LH:2
BRF:0
BRH:0
end_of_record
TN:
SF:./src/client/app/patients/details/details.module.js
FN:1,(anonymous_1)
FNF:1
FNH:1
FNDA:1,(anonymous_1)
DA:1,1
DA:4,1
LF:2
LH:2
BRF:0
BRH:0
end_of_record
TN:
SF:./src/client/app/patients/patients.module.js
FN:1,(anonymous_1)
FNF:1
FNH:1
FNDA:1,(anonymous_1)
DA:1,1
DA:4,1
LF:2
LH:2
BRF:0
BRH:0
end_of_record
TN:
SF:./src/client/app/widgets/widgets.module.js
FN:1,(anonymous_1)
FNF:1
FNH:1
FNDA:1,(anonymous_1)
DA:1,1
DA:4,1
LF:2
LH:2
BRF:0
BRH:0
end_of_record
TN:
SF:./src/client/app/admin/admin.controller.js
FN:1,(anonymous_1)
FN:10,AdminController
FN:16,activate
FNF:3
FNH:3
FNDA:1,(anonymous_1)
FNDA:3,AdminController
FNDA:3,activate
DA:1,1
DA:4,1
DA:8,1
DA:10,1
DA:11,3
DA:12,3
DA:14,3
DA:16,1
DA:17,3
LF:9
LH:9
BRF:0
BRH:0
end_of_record
TN:
SF:./src/client/app/admin/admin.route.js
FN:1,(anonymous_1)
FN:10,appRun
FN:14,getStates
FNF:3
FNH:3
FNDA:1,(anonymous_1)
FNDA:6,appRun
FNDA:6,getStates
DA:1,1
DA:4,1
DA:8,1
DA:10,1
DA:11,6
DA:14,1
DA:15,6
LF:7
LH:7
BRF:0
BRH:0
end_of_record
TN:
SF:./src/client/app/blocks/exception/exception-handler.provider.js
FN:3,(anonymous_1)
FN:14,exceptionHandlerProvider
FN:20,(anonymous_3)
FN:24,(anonymous_4)
FN:37,config
FN:50,extendExceptionHandler
FN:51,(anonymous_7)
FNF:7
FNH:7
FNDA:1,(anonymous_1)
FNDA:43,exceptionHandlerProvider
FNDA:40,(anonymous_3)
FNDA:45,(anonymous_4)
FNDA:43,config
FNDA:43,extendExceptionHandler
FNDA:4,(anonymous_7)
DA:3,1
DA:6,1
DA:14,1
DA:16,43
DA:20,43
DA:21,40
DA:24,43
DA:25,45
DA:29,1
DA:37,1
DA:38,43
DA:41,1
DA:50,1
DA:51,43
DA:52,4
DA:53,4
DA:54,4
DA:55,4
DA:65,0
LF:19
LH:18
BRDA:52,1,0,4
BRDA:52,1,1,0
BRF:2
BRH:1
end_of_record
TN:
SF:./src/client/app/blocks/exception/exception.js
FN:1,(anonymous_1)
FN:9,exception
FN:15,catcher
FN:16,(anonymous_4)
FNF:4
FNH:2
FNDA:1,(anonymous_1)
FNDA:10,exception
FNDA:0,catcher
FNDA:0,(anonymous_4)
DA:1,1
DA:4,1
DA:9,1
DA:10,10
DA:13,10
DA:15,1
DA:16,0
DA:17,0
DA:18,0
DA:19,0
DA:20,0
DA:21,0
DA:23,0
DA:24,0
DA:25,0
LF:15
LH:6
BRDA:19,1,0,0
BRDA:19,1,1,0
BRDA:19,2,0,0
BRDA:19,2,1,0
BRF:4
BRH:0
end_of_record
TN:
SF:./src/client/app/blocks/logger/logger.js
FN:1,(anonymous_1)
FN:11,logger
FN:27,error
FN:32,info
FN:37,success
FN:42,warning
FNF:6
FNH:4
FNDA:1,(anonymous_1)
FNDA:43,logger
FNDA:0,error
FNDA:9,info
FNDA:3,success
FNDA:0,warning
DA:1,1
DA:4,1
DA:8,1
DA:11,1
DA:12,43
DA:24,43
DA:27,1
DA:28,0
DA:29,0
DA:32,1
DA:33,9
DA:34,9
DA:37,1
DA:38,3
DA:39,3
DA:42,1
DA:43,0
DA:44,0
LF:18
LH:14
BRF:0
BRH:0
end_of_record
TN:
SF:./src/client/app/blocks/router/router-helper.provider.js
FN:2,(anonymous_1)
FN:11,routerHelperProvider
FN:24,(anonymous_3)
FN:31,RouterHelper
FN:51,configureStates
FN:52,(anonymous_6)
FN:63,handleRoutingErrors
FN:68,(anonymous_8)
FN:86,init
FN:91,getStates
FN:93,updateDocTitle
FN:95,(anonymous_12)
FNF:12
FNH:11
FNDA:1,(anonymous_1)
FNDA:35,routerHelperProvider
FNDA:35,(anonymous_3)
FNDA:35,RouterHelper
FNDA:57,configureStates
FNDA:57,(anonymous_6)
FNDA:35,handleRoutingErrors
FNDA:0,(anonymous_8)
FNDA:35,init
FNDA:3,getStates
FNDA:35,updateDocTitle
FNDA:19,(anonymous_12)
DA:2,1
DA:5,1
DA:9,1
DA:11,1
DA:13,35
DA:18,35
DA:19,0
DA:22,35
DA:24,35
DA:25,35
DA:28,35
DA:29,35
DA:31,1
DA:32,35
DA:33,35
DA:34,35
DA:39,35
DA:45,35
DA:47,35
DA:51,1
DA:52,57
DA:53,57
DA:55,57
DA:57,57
DA:58,35
DA:59,35
DA:63,1
DA:67,35
DA:69,0
DA:70,0
DA:72,0
DA:73,0
DA:74,0
DA:77,0
DA:80,0
DA:81,0
DA:86,1
DA:87,35
DA:88,35
DA:91,3
DA:93,1
DA:94,35
DA:96,19
DA:97,19
DA:98,19
DA:99,19
LF:46
LH:37
BRDA:18,1,0,0
BRDA:18,1,1,35
BRDA:18,2,0,35
BRDA:18,2,1,35
BRDA:54,3,0,57
BRDA:54,3,1,57
BRDA:57,4,0,35
BRDA:57,4,1,22
BRDA:57,5,0,57
BRDA:57,5,1,38
BRDA:69,6,0,0
BRDA:69,6,1,0
BRDA:74,7,0,0
BRDA:74,7,1,0
BRDA:74,7,2,0
BRDA:74,7,3,0
BRDA:74,7,4,0
BRDA:78,8,0,0
BRDA:78,8,1,0
BRDA:78,9,0,0
BRDA:78,9,1,0
BRDA:79,10,0,0
BRDA:79,10,1,0
BRDA:98,11,0,19
BRDA:98,11,1,0
BRF:25
BRH:10
end_of_record
TN:
SF:./src/client/app/core/config.js
FN:1,(anonymous_1)
FN:10,toastrConfig
FN:26,configure
FNF:3
FNH:3
FNDA:1,(anonymous_1)
FNDA:35,toastrConfig
FNDA:35,configure
DA:1,1
DA:4,1
DA:6,1
DA:8,1
DA:10,1
DA:11,35
DA:12,35
DA:15,1
DA:20,1
DA:22,1
DA:24,1
DA:26,1
DA:27,35
DA:28,35
DA:30,35
DA:31,35
LF:16
LH:16
BRDA:27,1,0,35
BRDA:27,1,1,0
BRF:2
BRH:1
end_of_record
TN:
SF:./src/client/app/core/constants.js
FN:2,(anonymous_1)
FNF:1
FNH:1
FNDA:1,(anonymous_1)
DA:2,1
DA:5,1
LF:2
LH:2
BRF:0
BRH:0
end_of_record
TN:
SF:./src/client/app/core/core.route.js
FN:1,(anonymous_1)
FN:9,appRun
FN:14,getStates
FNF:3
FNH:3
FNDA:1,(anonymous_1)
FNDA:35,appRun
FNDA:35,getStates
DA:1,1
DA:4,1
DA:9,1
DA:10,35
DA:11,35
DA:14,1
DA:15,35
LF:7
LH:7
BRF:0
BRH:0
end_of_record
TN:
SF:./src/client/app/core/dataservice.js
FN:1,(anonymous_1)
FN:10,dataservice
FN:22,getMessageCount
FN:26,createPatient
FN:31,success
FN:35,fail
FN:40,getPatient
FN:45,success
FN:49,fail
FN:54,getPatients
FN:59,success
FN:63,fail
FN:68,getOfficeQueue
FN:73,success
FN:77,fail
FN:82,addOfficeQueue
FN:87,success
FN:91,fail
FNF:18
FNH:4
FNDA:1,(anonymous_1)
FNDA:10,dataservice
FNDA:6,getMessageCount
FNDA:0,createPatient
FNDA:0,success
FNDA:0,fail
FNDA:0,getPatient
FNDA:0,success
FNDA:0,fail
FNDA:1,getPatients
FNDA:0,success
FNDA:0,fail
FNDA:0,getOfficeQueue
FNDA:0,success
FNDA:0,fail
FNDA:0,addOfficeQueue
FNDA:0,success
FNDA:0,fail
DA:1,1
DA:4,1
DA:8,1
DA:10,1
DA:11,10
DA:20,10
DA:22,1
DA:23,6
DA:26,1
DA:27,0
DA:31,1
DA:32,0
DA:35,1
DA:36,0
DA:40,1
DA:41,0
DA:45,1
DA:46,0
DA:49,1
DA:50,0
DA:54,1
DA:55,1
DA:59,1
DA:60,0
DA:63,1
DA:64,0
DA:68,1
DA:69,0
DA:73,1
DA:74,0
DA:77,1
DA:78,0
DA:82,1
DA:83,0
DA:87,1
DA:88,0
DA:91,1
DA:92,0
LF:38
LH:24
BRF:0
BRH:0
end_of_record
TN:
SF:./src/client/app/dashboard/dashboard.controller.js
FN:1,(anonymous_1)
FN:10,DashboardController
FN:24,activate
FN:26,(anonymous_4)
FN:31,getMessageCount
FN:32,(anonymous_6)
FN:38,getPatients
FN:39,(anonymous_8)
FN:45,(anonymous_9)
FN:46,(anonymous_10)
FNF:10
FNH:8
FNDA:1,(anonymous_1)
FNDA:6,DashboardController
FNDA:6,activate
FNDA:6,(anonymous_4)
FNDA:6,getMessageCount
FNDA:6,(anonymous_6)
FNDA:6,getPatients
FNDA:6,(anonymous_8)
FNDA:0,(anonymous_9)
FNDA:0,(anonymous_10)
DA:1,1
DA:4,1
DA:8,1
DA:10,1
DA:11,6
DA:12,6
DA:16,6
DA:17,6
DA:18,6
DA:19,6
DA:22,6
DA:24,1
DA:25,6
DA:26,6
DA:27,6
DA:31,1
DA:32,6
DA:33,6
DA:34,6
DA:38,1
DA:39,6
DA:40,6
DA:41,6
DA:45,6
DA:46,0
DA:47,0
LF:26
LH:24
BRF:0
BRH:0
end_of_record
TN:
SF:./src/client/app/dashboard/dashboard.route.js
FN:1,(anonymous_1)
FN:10,appRun
FN:14,getStates
FNF:3
FNH:3
FNDA:1,(anonymous_1)
FNDA:9,appRun
FNDA:9,getStates
DA:1,1
DA:4,1
DA:8,1
DA:10,1
DA:11,9
DA:14,1
DA:15,9
LF:7
LH:7
BRF:0
BRH:0
end_of_record
TN:
SF:./src/client/app/exam/exam.controller.js
FN:1,(anonymous_1)
FN:10,ExamController
FN:18,activate
FN:20,(anonymous_4)
FN:25,getOfficeQueue
FN:26,(anonymous_6)
FNF:6
FNH:1
FNDA:1,(anonymous_1)
FNDA:0,ExamController
FNDA:0,activate
FNDA:0,(anonymous_4)
FNDA:0,getOfficeQueue
FNDA:0,(anonymous_6)
DA:1,1
DA:4,1
DA:8,1
DA:10,1
DA:11,0
DA:12,0
DA:14,0
DA:16,0
DA:18,1
DA:19,0
DA:20,0
DA:21,0
DA:25,1
DA:26,0
DA:27,0
DA:28,0
LF:16
LH:6
BRF:0
BRH:0
end_of_record
TN:
SF:./src/client/app/exam/exam.route.js
FN:1,(anonymous_1)
FN:10,appRun
FN:14,getStates
FNF:3
FNH:1
FNDA:1,(anonymous_1)
FNDA:0,appRun
FNDA:0,getStates
DA:1,1
DA:4,1
DA:8,1
DA:10,1
DA:11,0
DA:14,1
DA:15,0
LF:7
LH:5
BRF:0
BRH:0
end_of_record
TN:
SF:./src/client/app/layout/ht-sidebar.directive.js
FN:1,(anonymous_1)
FN:9,htSidebar
FN:25,link
FN:31,dropdown
FNF:4
FNH:4
FNDA:1,(anonymous_1)
FNDA:7,htSidebar
FNDA:7,link
FNDA:5,dropdown
DA:1,1
DA:4,1
DA:9,1
DA:16,7
DA:23,7
DA:25,1
DA:26,7
DA:27,7
DA:28,7
DA:29,7
DA:31,1
DA:32,5
DA:33,5
DA:34,5
DA:35,3
DA:36,3
DA:37,2
DA:38,2
DA:39,2
LF:19
LH:19
BRDA:34,1,0,3
BRDA:34,1,1,2
BRDA:37,2,0,2
BRDA:37,2,1,0
BRF:4
BRH:3
end_of_record
TN:
SF:./src/client/app/layout/ht-top-nav.directive.js
FN:1,(anonymous_1)
FN:9,htTopNav
FN:24,TopNavController
FNF:3
FNH:1
FNDA:1,(anonymous_1)
FNDA:0,htTopNav
FNDA:0,TopNavController
DA:1,1
DA:4,1
DA:9,1
DA:10,0
DA:21,0
DA:24,1
DA:25,0
DA:26,0
DA:29,0
LF:9
LH:4
BRF:0
BRH:0
end_of_record
TN:
SF:./src/client/app/layout/shell.controller.js
FN:1,(anonymous_1)
FN:10,ShellController
FN:23,activate
FN:28,hideSplash
FN:30,(anonymous_5)
FNF:5
FNH:5
FNDA:1,(anonymous_1)
FNDA:3,ShellController
FNDA:3,activate
FNDA:3,hideSplash
FNDA:1,(anonymous_5)
DA:1,1
DA:4,1
DA:8,1
DA:10,1
DA:11,3
DA:12,3
DA:13,3
DA:14,3
DA:15,3
DA:21,3
DA:23,1
DA:24,3
DA:25,3
DA:28,1
DA:30,3
DA:31,1
LF:16
LH:16
BRF:0
BRH:0
end_of_record
TN:
SF:./src/client/app/layout/sidebar.controller.js
FN:1,(anonymous_1)
FN:10,SidebarController
FN:17,activate
FN:19,getNavRoutes
FN:20,(anonymous_5)
FN:22,(anonymous_6)
FN:27,isCurrent
FNF:7
FNH:6
FNDA:1,(anonymous_1)
FNDA:3,SidebarController
FNDA:3,activate
FNDA:3,getNavRoutes
FNDA:9,(anonymous_5)
FNDA:0,(anonymous_6)
FNDA:3,isCurrent
DA:1,1
DA:4,1
DA:8,1
DA:10,1
DA:11,3
DA:12,3
DA:13,3
DA:15,3
DA:17,3
DA:19,1
DA:20,3
DA:21,9
DA:23,0
DA:27,1
DA:28,3
DA:29,0
DA:31,3
DA:32,3
LF:18
LH:16
BRDA:21,1,0,9
BRDA:21,1,1,3
BRDA:28,2,0,0
BRDA:28,2,1,3
BRDA:28,3,0,3
BRDA:28,3,1,3
BRDA:28,3,2,3
BRDA:32,4,0,2
BRDA:32,4,1,1
BRF:9
BRH:8
end_of_record
TN:
SF:./src/client/app/patients/create/create.controller.js
FN:1,(anonymous_1)
FN:10,PatientsCreateController
FN:18,activate
FN:22,(anonymous_4)
FN:23,(anonymous_5)
FNF:5
FNH:1
FNDA:1,(anonymous_1)
FNDA:0,PatientsCreateController
FNDA:0,activate
FNDA:0,(anonymous_4)
FNDA:0,(anonymous_5)
DA:1,1
DA:4,1
DA:8,1
DA:10,1
DA:11,0
DA:12,0
DA:13,0
DA:14,0
DA:16,0
DA:18,1
DA:19,0
DA:22,0
DA:23,0
DA:24,0
LF:14
LH:5
BRF:0
BRH:0
end_of_record
TN:
SF:./src/client/app/patients/create/create.route.js
FN:1,(anonymous_1)
FN:10,appRun
FN:14,getStates
FNF:3
FNH:1
FNDA:1,(anonymous_1)
FNDA:0,appRun
FNDA:0,getStates
DA:1,1
DA:4,1
DA:8,1
DA:10,1
DA:11,0
DA:14,1
DA:15,0
LF:7
LH:5
BRF:0
BRH:0
end_of_record
TN:
SF:./src/client/app/patients/details/details.controller.js
FN:1,(anonymous_1)
FN:10,PatientsDetailsController
FN:22,activate
FN:24,(anonymous_4)
FN:29,getPatient
FN:30,(anonymous_6)
FN:36,(anonymous_7)
FN:41,(anonymous_8)
FNF:8
FNH:1
FNDA:1,(anonymous_1)
FNDA:0,PatientsDetailsController
FNDA:0,activate
FNDA:0,(anonymous_4)
FNDA:0,getPatient
FNDA:0,(anonymous_6)
FNDA:0,(anonymous_7)
FNDA:0,(anonymous_8)
DA:1,1
DA:4,1
DA:8,1
DA:10,1
DA:11,0
DA:12,0
DA:13,0
DA:14,0
DA:16,0
DA:17,0
DA:20,0
DA:22,1
DA:23,0
DA:24,0
DA:25,0
DA:29,1
DA:30,0
DA:31,0
DA:32,0
DA:36,0
DA:37,0
DA:38,0
DA:39,0
DA:41,0
DA:42,0
LF:25
LH:6
BRDA:16,1,0,0
BRDA:16,1,1,0
BRF:2
BRH:0
end_of_record
TN:
SF:./src/client/app/patients/details/details.route.js
FN:1,(anonymous_1)
FN:10,appRun
FN:14,getStates
FNF:3
FNH:1
FNDA:1,(anonymous_1)
FNDA:0,appRun
FNDA:0,getStates
DA:1,1
DA:4,1
DA:8,1
DA:10,1
DA:11,0
DA:14,1
DA:15,0
LF:7
LH:5
BRF:0
BRH:0
end_of_record
TN:
SF:./src/client/app/patients/patients.controller.js
FN:1,(anonymous_1)
FN:10,PatientsController
FN:18,activate
FN:20,(anonymous_4)
FN:25,getPatients
FN:26,(anonymous_6)
FN:32,(anonymous_7)
FN:39,(anonymous_8)
FNF:8
FNH:4
FNDA:1,(anonymous_1)
FNDA:1,PatientsController
FNDA:1,activate
FNDA:0,(anonymous_4)
FNDA:1,getPatients
FNDA:0,(anonymous_6)
FNDA:0,(anonymous_7)
FNDA:0,(anonymous_8)
DA:1,1
DA:4,1
DA:8,1
DA:10,1
DA:11,1
DA:12,1
DA:13,1
DA:14,1
DA:16,1
DA:18,1
DA:19,1
DA:20,1
DA:21,0
DA:25,1
DA:26,1
DA:27,0
DA:28,0
DA:32,1
DA:33,0
DA:34,0
DA:39,1
DA:40,0
LF:22
LH:16
BRF:0
BRH:0
end_of_record
TN:
SF:./src/client/app/patients/patients.route.js
FN:1,(anonymous_1)
FN:10,appRun
FN:14,getStates
FNF:3
FNH:3
FNDA:1,(anonymous_1)
FNDA:4,appRun
FNDA:4,getStates
DA:1,1
DA:4,1
DA:8,1
DA:10,1
DA:11,4
DA:14,1
DA:15,4
LF:7
LH:7
BRF:0
BRH:0
end_of_record
TN:
SF:./src/client/app/widgets/ht-img-person.directive.js
FN:1,(anonymous_1)
FN:10,htImgPerson
FN:21,link
FN:22,(anonymous_4)
FNF:4
FNH:1
FNDA:1,(anonymous_1)
FNDA:0,htImgPerson
FNDA:0,link
FNDA:0,(anonymous_4)
DA:1,1
DA:4,1
DA:8,1
DA:10,1
DA:13,0
DA:14,0
DA:15,0
DA:19,0
DA:21,1
DA:22,0
DA:23,0
DA:24,0
LF:12
LH:5
BRDA:23,1,0,0
BRDA:23,1,1,0
BRF:2
BRH:0
end_of_record
TN:
SF:./src/client/app/widgets/ht-widget-header.directive.js
FN:1,(anonymous_1)
FN:9,htWidgetHeader
FN:29,link
FN:30,(anonymous_4)
FNF:4
FNH:1
FNDA:1,(anonymous_1)
FNDA:0,htWidgetHeader
FNDA:0,link
FNDA:0,(anonymous_4)
DA:1,1
DA:4,1
DA:9,1
DA:16,0
DA:27,0
DA:29,1
DA:30,0
DA:31,0
DA:32,0
DA:33,0
LF:10
LH:4
BRDA:31,1,0,0
BRDA:31,1,1,0
BRF:2
BRH:0
end_of_record
